C:\Program Files\Microsoft Visual Studio\2022\Community\MSBuild\Microsoft\VC\v170\Microsoft.CppBuild.targets(503,5): warning MSB8004: Output 目录未以斜杠结尾。  此生成实例将添加斜杠，因为必须有这个斜杠才能正确计算 Output 目录。
  glad.c
  imgui.cpp
  imgui_demo.cpp
  imgui_draw.cpp
  imgui_widgets.cpp
  Camera.cpp
  main.cpp
E:\Netease\myproj\OpenGL-Renderer-master22(pointlight)lingyigexiangmu\OpenGL-Renderer-master22\src\ShaderProgram.h(42,34): warning C4101: “e”: 未引用的局部变量
E:\Netease\myproj\OpenGL-Renderer-master22(pointlight)lingyigexiangmu\OpenGL-Renderer-master22\src\stb_image_write.h(147,1): warning C4005: “_CRT_SECURE_NO_WARNINGS”: 宏重定义
E:\Netease\myproj\OpenGL-Renderer-master22(pointlight)lingyigexiangmu\OpenGL-Renderer-master22\src\stb_image_write.h(147,1): message : 之前在命令行上声明的“_CRT_SECURE_NO_WARNINGS”
E:\Netease\myproj\OpenGL-Renderer-master22(pointlight)lingyigexiangmu\OpenGL-Renderer-master22\src\main.cpp(346,12): warning C4305: “return”: 从“int”到“bool”截断
E:\Netease\myproj\OpenGL-Renderer-master22(pointlight)lingyigexiangmu\OpenGL-Renderer-master22\src\main.cpp(444,13): warning C4244: “-=”: 从“double”转换到“float”，可能丢失数据
  Mesh.cpp
E:\Netease\myproj\OpenGL-Renderer-master22(pointlight)lingyigexiangmu\OpenGL-Renderer-master22\src\Mesh.cpp(110,23): warning C4018: “<”: 有符号/无符号不匹配
E:\Netease\myproj\OpenGL-Renderer-master22(pointlight)lingyigexiangmu\OpenGL-Renderer-master22\src\Mesh.cpp(133,12): warning C4305: “return”: 从“int”到“bool”截断
  Texture2D.cpp
  正在生成代码...
main.obj : error LNK2019: 无法解析的外部符号 "public: __thiscall Assimp::Importer::Importer(void)" (??0Importer@Assimp@@QAE@XZ)，函数 "public: __thiscall Model::Model(class std::basic_string<char,struct std::char_traits<char>,class std::allocator<char> > const &)" (??0Model@@QAE@ABV?$basic_string@DU?$char_traits@D@std@@V?$allocator@D@2@@std@@@Z) 中引用了该符号
main.obj : error LNK2019: 无法解析的外部符号 "public: __thiscall Assimp::Importer::~Importer(void)" (??1Importer@Assimp@@QAE@XZ)，函数 __unwindfunclet$??0Model@@QAE@ABV?$basic_string@DU?$char_traits@D@std@@V?$allocator@D@2@@std@@@Z$0 中引用了该符号
main.obj : error LNK2019: 无法解析的外部符号 "public: struct aiScene const * __thiscall Assimp::Importer::ReadFile(char const *,unsigned int)" (?ReadFile@Importer@Assimp@@QAEPBUaiScene@@PBDI@Z)，函数 "public: struct aiScene const * __thiscall Assimp::Importer::ReadFile(class std::basic_string<char,struct std::char_traits<char>,class std::allocator<char> > const &,unsigned int)" (?ReadFile@Importer@Assimp@@QAEPBUaiScene@@ABV?$basic_string@DU?$char_traits@D@std@@V?$allocator@D@2@@std@@I@Z) 中引用了该符号
main.obj : error LNK2019: 无法解析的外部符号 "public: char const * __thiscall Assimp::Importer::GetErrorString(void)const " (?GetErrorString@Importer@Assimp@@QBEPBDXZ)，函数 "public: bool __thiscall Model::IsValidScene(struct aiScene const *)" (?IsValidScene@Model@@QAE_NPBUaiScene@@@Z) 中引用了该符号
main.obj : error LNK2019: 无法解析的外部符号 _aiGetMaterialColor，函数 "public: enum aiReturn __thiscall aiMaterial::Get(char const *,unsigned int,unsigned int,struct aiColor3D &)const " (?Get@aiMaterial@@QBE?AW4aiReturn@@PBDIIAAUaiColor3D@@@Z) 中引用了该符号
main.obj : error LNK2019: 无法解析的外部符号 _aiGetMaterialTextureCount，函数 "public: unsigned int __thiscall aiMaterial::GetTextureCount(enum aiTextureType)const " (?GetTextureCount@aiMaterial@@QBEIW4aiTextureType@@@Z) 中引用了该符号
main.obj : error LNK2019: 无法解析的外部符号 _aiGetMaterialTexture，函数 "public: enum aiReturn __thiscall aiMaterial::GetTexture(enum aiTextureType,unsigned int,struct aiString *,enum aiTextureMapping *,unsigned int *,float *,enum aiTextureOp *,enum aiTextureMapMode *)const " (?GetTexture@aiMaterial@@QBE?AW4aiReturn@@W4aiTextureType@@IPAUaiString@@PAW4aiTextureMapping@@PAIPAMPAW4aiTextureOp@@PAW4aiTextureMapMode@@@Z) 中引用了该符号
main.obj : error LNK2019: 无法解析的外部符号 _glfwInit，函数 "bool __cdecl initOpenGL(void)" (?initOpenGL@@YA_NXZ) 中引用了该符号
main.obj : error LNK2019: 无法解析的外部符号 _glfwTerminate，函数 "bool __cdecl initOpenGL(void)" (?initOpenGL@@YA_NXZ) 中引用了该符号
main.obj : error LNK2019: 无法解析的外部符号 _glfwGetPrimaryMonitor，函数 "bool __cdecl initOpenGL(void)" (?initOpenGL@@YA_NXZ) 中引用了该符号
main.obj : error LNK2019: 无法解析的外部符号 _glfwGetVideoMode，函数 "bool __cdecl initOpenGL(void)" (?initOpenGL@@YA_NXZ) 中引用了该符号
main.obj : error LNK2019: 无法解析的外部符号 _glfwWindowHint，函数 "bool __cdecl initOpenGL(void)" (?initOpenGL@@YA_NXZ) 中引用了该符号
main.obj : error LNK2019: 无法解析的外部符号 _glfwCreateWindow，函数 "bool __cdecl initOpenGL(void)" (?initOpenGL@@YA_NXZ) 中引用了该符号
main.obj : error LNK2019: 无法解析的外部符号 _glfwWindowShouldClose，函数 _main 中引用了该符号
main.obj : error LNK2019: 无法解析的外部符号 _glfwSetWindowShouldClose，函数 "void __cdecl glfw_onKey(struct GLFWwindow *,int,int,int,int)" (?glfw_onKey@@YAXPAUGLFWwindow@@HHHH@Z) 中引用了该符号
main.obj : error LNK2019: 无法解析的外部符号 _glfwSetWindowTitle，函数 "void __cdecl showFPS(struct GLFWwindow *)" (?showFPS@@YAXPAUGLFWwindow@@@Z) 中引用了该符号
main.obj : error LNK2019: 无法解析的外部符号 _glfwSetFramebufferSizeCallback，函数 "bool __cdecl initOpenGL(void)" (?initOpenGL@@YA_NXZ) 中引用了该符号
main.obj : error LNK2019: 无法解析的外部符号 _glfwPollEvents，函数 _main 中引用了该符号
main.obj : error LNK2019: 无法解析的外部符号 _glfwGetMouseButton，函数 "void __cdecl glfw_onMouseMove(struct GLFWwindow *,double,double)" (?glfw_onMouseMove@@YAXPAUGLFWwindow@@NN@Z) 中引用了该符号
main.obj : error LNK2019: 无法解析的外部符号 _glfwSetCursorPos，函数 "bool __cdecl initOpenGL(void)" (?initOpenGL@@YA_NXZ) 中引用了该符号
main.obj : error LNK2019: 无法解析的外部符号 _glfwSetKeyCallback，函数 "bool __cdecl initOpenGL(void)" (?initOpenGL@@YA_NXZ) 中引用了该符号
main.obj : error LNK2019: 无法解析的外部符号 _glfwSetCursorPosCallback，函数 "bool __cdecl initOpenGL(void)" (?initOpenGL@@YA_NXZ) 中引用了该符号
main.obj : error LNK2019: 无法解析的外部符号 _glfwSetScrollCallback，函数 "bool __cdecl initOpenGL(void)" (?initOpenGL@@YA_NXZ) 中引用了该符号
main.obj : error LNK2019: 无法解析的外部符号 _glfwGetTime，函数 "void __cdecl showFPS(struct GLFWwindow *)" (?showFPS@@YAXPAUGLFWwindow@@@Z) 中引用了该符号
main.obj : error LNK2019: 无法解析的外部符号 _glfwMakeContextCurrent，函数 "bool __cdecl initOpenGL(void)" (?initOpenGL@@YA_NXZ) 中引用了该符号
main.obj : error LNK2019: 无法解析的外部符号 _glfwGetProcAddress，函数 "bool __cdecl initOpenGL(void)" (?initOpenGL@@YA_NXZ) 中引用了该符号
C:\Program Files\Microsoft Visual Studio\2022\Community\VC\Auxiliary\VS\include\assimp\include\assimp\assimp-vc141-mtd.lib : warning LNK4272: 库计算机类型“x64”与目标计算机类型“x86”冲突
C:\Program Files\Microsoft Visual Studio\2022\Community\VC\Auxiliary\VS\include\GLFW\glfw364\glfw3dll.lib : warning LNK4272: 库计算机类型“x64”与目标计算机类型“x86”冲突
.\bin\Project1.exe : fatal error LNK1120: 26 个无法解析的外部命令
