e:\netease\myproj\opengl-renderer-master22(pointlight)\opengl-renderer-master22\debug\vc143.pdb
e:\netease\myproj\opengl-renderer-master22(pointlight)\opengl-renderer-master22\debug\vc143.idb
e:\netease\myproj\opengl-renderer-master22(pointlight)\opengl-renderer-master22\debug\texture2d.obj
e:\netease\myproj\opengl-renderer-master22(pointlight)\opengl-renderer-master22\debug\mesh.obj
e:\netease\myproj\opengl-renderer-master22(pointlight)\opengl-renderer-master22\debug\main.obj
e:\netease\myproj\opengl-renderer-master22(pointlight)\opengl-renderer-master22\debug\interface.obj
e:\netease\myproj\opengl-renderer-master22(pointlight)\opengl-renderer-master22\debug\camera.obj
e:\netease\myproj\opengl-renderer-master22(pointlight)\opengl-renderer-master22\debug\imgui_widgets.obj
e:\netease\myproj\opengl-renderer-master22(pointlight)\opengl-renderer-master22\debug\imgui_draw.obj
e:\netease\myproj\opengl-renderer-master22(pointlight)\opengl-renderer-master22\debug\imgui_demo.obj
e:\netease\myproj\opengl-renderer-master22(pointlight)\opengl-renderer-master22\debug\imgui.obj
e:\netease\myproj\opengl-renderer-master22(pointlight)zengjiaspecularmap\opengl-renderer-master22\debug\vc143.pdb
e:\netease\myproj\opengl-renderer-master22(pointlight)zengjiaspecularmap\opengl-renderer-master22\debug\vc143.idb
e:\netease\myproj\opengl-renderer-master22(pointlight)zengjiaspecularmap\opengl-renderer-master22\debug\texture2d.obj
e:\netease\myproj\opengl-renderer-master22(pointlight)zengjiaspecularmap\opengl-renderer-master22\debug\mesh.obj
e:\netease\myproj\opengl-renderer-master22(pointlight)zengjiaspecularmap\opengl-renderer-master22\debug\main.obj
e:\netease\myproj\opengl-renderer-master22(pointlight)zengjiaspecularmap\opengl-renderer-master22\debug\camera.obj
e:\netease\myproj\opengl-renderer-master22(pointlight)zengjiaspecularmap\opengl-renderer-master22\debug\imgui_widgets.obj
e:\netease\myproj\opengl-renderer-master22(pointlight)zengjiaspecularmap\opengl-renderer-master22\debug\imgui_draw.obj
e:\netease\myproj\opengl-renderer-master22(pointlight)zengjiaspecularmap\opengl-renderer-master22\debug\imgui_demo.obj
e:\netease\myproj\opengl-renderer-master22(pointlight)zengjiaspecularmap\opengl-renderer-master22\debug\imgui.obj
e:\netease\myproj\opengl-renderer-master22(pointlight)lingyigexiangmu\opengl-renderer-master22\debug\vc143.pdb
e:\netease\myproj\opengl-renderer-master22(pointlight)lingyigexiangmu\opengl-renderer-master22\debug\vc143.idb
e:\netease\myproj\opengl-renderer-master22(pointlight)lingyigexiangmu\opengl-renderer-master22\debug\texture2d.obj
e:\netease\myproj\opengl-renderer-master22(pointlight)lingyigexiangmu\opengl-renderer-master22\debug\mesh.obj
e:\netease\myproj\opengl-renderer-master22(pointlight)lingyigexiangmu\opengl-renderer-master22\debug\camera.obj
e:\netease\myproj\opengl-renderer-master22(pointlight)lingyigexiangmu\opengl-renderer-master22\debug\imgui_widgets.obj
e:\netease\myproj\opengl-renderer-master22(pointlight)lingyigexiangmu\opengl-renderer-master22\debug\imgui_draw.obj
e:\netease\myproj\opengl-renderer-master22(pointlight)lingyigexiangmu\opengl-renderer-master22\debug\imgui_demo.obj
e:\netease\myproj\opengl-renderer-master22(pointlight)lingyigexiangmu\opengl-renderer-master22\debug\imgui.obj
e:\netease\myproj\opengl-renderer-master22(pointlight)lingyigexiangmu\opengl-renderer-master22\debug\main.obj
e:\netease\myproj\opengl-renderer-master22(pointlight)lingyigexiangmu\opengl-renderer-master22\debug\model.obj
e:\netease\myproj\opengl-renderer-master22(pointlight)\opengl-renderer-master22\bin\project1.exe
e:\netease\myproj\opengl-renderer-master22(pointlight)\opengl-renderer-master22\debug\project1.ilk
e:\netease\myproj\opengl-renderer-master22(pointlight)\opengl-renderer-master22\bin\project1.pdb
e:\netease\myproj\opengl-renderer-master22(pointlight)zengjiaspecularmap\opengl-renderer-master22\bin\project1.exe
e:\netease\myproj\opengl-renderer-master22(pointlight)zengjiaspecularmap\opengl-renderer-master22\debug\project1.ilk
e:\netease\myproj\opengl-renderer-master22(pointlight)zengjiaspecularmap\opengl-renderer-master22\bin\project1.pdb
e:\netease\myproj\opengl-renderer-master22(pointlight)lingyigexiangmu\opengl-renderer-master22\debug\interface.obj
e:\netease\myproj\opengl-renderer-master22(pointlight)lingyigexiangmu\opengl-renderer-master22\debug\lesson1.obj
e:\netease\myproj\opengl-renderer-master22(pointlight)lingyigexiangmu\opengl-renderer-master22\debug\shaderprogram.obj
e:\netease\myproj\opengl-renderer-master22(pointlight)lingyigexiangmu\opengl-renderer-master22\debug\lesson1.new.obj.enc
e:\netease\myproj\opengl-renderer-master22(pointlight)lingyigexiangmu\opengl-renderer-master22\debug\mesh.new.obj.enc
e:\netease\myproj\opengl-renderer-master22(pointlight)lingyigexiangmu\opengl-renderer-master22\debug\vc142.idb
e:\netease\myproj\opengl-renderer-master22(pointlight)lingyigexiangmu\opengl-renderer-master22\debug\vc142.pdb
e:\netease\myproj\opengl-renderer-master22(pointlight)lingyigexiangmu\opengl-renderer-master22\debug\project1.tlog\cl.command.1.tlog
e:\netease\myproj\opengl-renderer-master22(pointlight)lingyigexiangmu\opengl-renderer-master22\debug\project1.tlog\cl.read.1.tlog
e:\netease\myproj\opengl-renderer-master22(pointlight)lingyigexiangmu\opengl-renderer-master22\debug\project1.tlog\cl.write.1.tlog
e:\netease\myproj\opengl-renderer-master22(pointlight)lingyigexiangmu\opengl-renderer-master22\debug\project1.tlog\link.6636-cvtres.read.1.tlog
e:\netease\myproj\opengl-renderer-master22(pointlight)lingyigexiangmu\opengl-renderer-master22\debug\project1.tlog\link.6636-cvtres.write.1.tlog
e:\netease\myproj\opengl-renderer-master22(pointlight)lingyigexiangmu\opengl-renderer-master22\debug\project1.tlog\link.6636-rc.read.1.tlog
e:\netease\myproj\opengl-renderer-master22(pointlight)lingyigexiangmu\opengl-renderer-master22\debug\project1.tlog\link.6636-rc.write.1.tlog
e:\netease\myproj\opengl-renderer-master22(pointlight)lingyigexiangmu\opengl-renderer-master22\debug\project1.tlog\link.6636.read.1.tlog
e:\netease\myproj\opengl-renderer-master22(pointlight)lingyigexiangmu\opengl-renderer-master22\debug\project1.tlog\link.6636.write.1.tlog
e:\netease\myproj\opengl-renderer-master22(pointlight)lingyigexiangmu\opengl-renderer-master22\debug\project1.tlog\link.command.1.tlog
e:\netease\myproj\opengl-renderer-master22(pointlight)lingyigexiangmu\opengl-renderer-master22\debug\project1.tlog\link.read.1.tlog
e:\netease\myproj\opengl-renderer-master22(pointlight)lingyigexiangmu\opengl-renderer-master22\debug\project1.tlog\link.write.1.tlog
