e:\netease\myproj\opengl-renderer-master22(pointlight)lingyigexiangmu\opengl-renderer-master22\x64\debug\vc143.pdb
e:\netease\myproj\opengl-renderer-master22(pointlight)lingyigexiangmu\opengl-renderer-master22\x64\debug\vc143.idb
e:\netease\myproj\opengl-renderer-master22(pointlight)lingyigexiangmu\opengl-renderer-master22\x64\debug\glad.obj
e:\netease\myproj\opengl-renderer-master22(pointlight)lingyigexiangmu\opengl-renderer-master22\x64\debug\texture2d.obj
e:\netease\myproj\opengl-renderer-master22(pointlight)lingyigexiangmu\opengl-renderer-master22\x64\debug\mesh.obj
e:\netease\myproj\opengl-renderer-master22(pointlight)lingyigexiangmu\opengl-renderer-master22\x64\debug\main.obj
e:\netease\myproj\opengl-renderer-master22(pointlight)lingyigexiangmu\opengl-renderer-master22\x64\debug\camera.obj
e:\netease\myproj\opengl-renderer-master22(pointlight)lingyigexiangmu\opengl-renderer-master22\x64\debug\imgui_widgets.obj
e:\netease\myproj\opengl-renderer-master22(pointlight)lingyigexiangmu\opengl-renderer-master22\x64\debug\imgui_draw.obj
e:\netease\myproj\opengl-renderer-master22(pointlight)lingyigexiangmu\opengl-renderer-master22\x64\debug\imgui_demo.obj
e:\netease\myproj\opengl-renderer-master22(pointlight)lingyigexiangmu\opengl-renderer-master22\x64\debug\imgui.obj
e:\netease\myproj\opengl-renderer-master22(pointlight)lingyigexiangmu\opengl-renderer-master22\x64\debug\project1.exe
e:\netease\myproj\opengl-renderer-master22(pointlight)lingyigexiangmu\opengl-renderer-master22\x64\debug\project1.ilk
e:\netease\myproj\opengl-renderer-master22(pointlight)lingyigexiangmu\opengl-renderer-master22\x64\debug\project1.pdb
e:\netease\myproj\opengl-renderer-master22(pointlight)lingyigexiangmu\opengl-renderer-master22\x64\debug\project1.tlog\cl.command.1.tlog
e:\netease\myproj\opengl-renderer-master22(pointlight)lingyigexiangmu\opengl-renderer-master22\x64\debug\project1.tlog\cl.read.1.tlog
e:\netease\myproj\opengl-renderer-master22(pointlight)lingyigexiangmu\opengl-renderer-master22\x64\debug\project1.tlog\cl.write.1.tlog
e:\netease\myproj\opengl-renderer-master22(pointlight)lingyigexiangmu\opengl-renderer-master22\x64\debug\project1.tlog\link.command.1.tlog
e:\netease\myproj\opengl-renderer-master22(pointlight)lingyigexiangmu\opengl-renderer-master22\x64\debug\project1.tlog\link.read.1.tlog
e:\netease\myproj\opengl-renderer-master22(pointlight)lingyigexiangmu\opengl-renderer-master22\x64\debug\project1.tlog\link.write.1.tlog
